debug: Logging durch Winston ist konfiguriert: Level Info {"timestamp":"2019-10-31T10:20:57.832Z"}
debug: Upload-Verzeichnis: C:\Users\admin\Documents\SWE\mean-spiele\dist\temp\upload {"timestamp":"2019-10-31T10:20:57.839Z"}
debug: Download-Verzeichnis: C:\Users\admin\Documents\SWE\mean-spiele\dist\temp\download {"timestamp":"2019-10-31T10:20:57.839Z"}
error: [{"keyword":"format","dataPath":"[4].email","schemaPath":"#/items/properties/email/format","params":{"format":"email"},"message":"should match format \"email\"","schema":"email","parentSchema":{"type":"string","format":"email"},"data":"hjördis.goettsche@jbgb.de"}] {"timestamp":"2019-10-31T10:21:02.833Z"}
info: UsersService: Die Benutzerkennungen sind eingelesen: [{"_id":"20000000-0000-0000-0000-000000000001","username":"admin","password":"$2b$12$jC0vLwqFtvikW9hrKL4RZ.ZMeaW5r/jYrNkm.ub23bMWL/mE2O20O","email":"admin@jbgb.de","roles":["admin","mitarbeiter","abteilungsleiter","kunde","servicemitarbeiter"]},{"_id":"20000000-0000-0000-0000-000000000002","username":"eric.jacquome","password":"$2b$12$jC0vLwqFtvikW9hrKL4RZ.ZMeaW5r/jYrNkm.ub23bMWL/mE2O20O","email":"eric.jacquome@jbgb.de","roles":["admin","mitarbeiter","abteilungsleiter","kunde","servicemitarbeiter"]},{"_id":"20000000-0000-0000-0000-000000000003","username":"bene.bender","password":"$2b$12$jC0vLwqFtvikW9hrKL4RZ.ZMeaW5r/jYrNkm.ub23bMWL/mE2O20O","email":"bene.bender@jbgb.de","roles":["mitarbeiter","servicemitarbeiter"]},{"_id":"20000000-0000-0000-0000-000000000004","username":"raphael.brand","password":"$2b$12$jC0vLwqFtvikW9hrKL4RZ.ZMeaW5r/jYrNkm.ub23bMWL/mE2O20O","email":"raphael.brand@jbgb.de","roles":["servicemitarbeiter","kunde"]},{"_id":"20000000-0000-0000-0000-000000000005","username":"hjördis.goettsche","password":"$2b$12$jC0vLwqFtvikW9hrKL4RZ.ZMeaW5r/jYrNkm.ub23bMWL/mE2O20O","email":"hjördis.goettsche@jbgb.de","roles":["servicemitarbeiter","kunde"]},{"_id":"20000000-0000-0000-0000-000000000006","username":"karl.kunde","password":"$2b$12$jC0vLwqFtvikW9hrKL4RZ.ZMeaW5r/jYrNkm.ub23bMWL/mE2O20O","email":"karls.kunde@jbgb.de","roles":["kunde"]},{"_id":"20000000-0000-0000-0000-000000000007","username":"nils.nichtkunde","password":"$2b$12$jC0vLwqFtvikW9hrKL4RZ.ZMeaW5r/jYrNkm.ub23bMWL/mE2O20O","email":"nils.nichtkunde@jbgb.de"}] {"timestamp":"2019-10-31T10:21:02.837Z"}
error: [{"keyword":"format","dataPath":"[4].email","schemaPath":"#/items/properties/email/format","params":{"format":"email"},"message":"should match format \"email\"","schema":"email","parentSchema":{"type":"string","format":"email"},"data":"hjördis.goettsche@jbgb.de"}] {"timestamp":"2019-10-31T10:21:02.951Z"}
info: UsersService: Die Benutzerkennungen sind eingelesen: [{"_id":"20000000-0000-0000-0000-000000000001","username":"admin","password":"$2b$12$jC0vLwqFtvikW9hrKL4RZ.ZMeaW5r/jYrNkm.ub23bMWL/mE2O20O","email":"admin@jbgb.de","roles":["admin","mitarbeiter","abteilungsleiter","kunde","servicemitarbeiter"]},{"_id":"20000000-0000-0000-0000-000000000002","username":"eric.jacquome","password":"$2b$12$jC0vLwqFtvikW9hrKL4RZ.ZMeaW5r/jYrNkm.ub23bMWL/mE2O20O","email":"eric.jacquome@jbgb.de","roles":["admin","mitarbeiter","abteilungsleiter","kunde","servicemitarbeiter"]},{"_id":"20000000-0000-0000-0000-000000000003","username":"bene.bender","password":"$2b$12$jC0vLwqFtvikW9hrKL4RZ.ZMeaW5r/jYrNkm.ub23bMWL/mE2O20O","email":"bene.bender@jbgb.de","roles":["mitarbeiter","servicemitarbeiter"]},{"_id":"20000000-0000-0000-0000-000000000004","username":"raphael.brand","password":"$2b$12$jC0vLwqFtvikW9hrKL4RZ.ZMeaW5r/jYrNkm.ub23bMWL/mE2O20O","email":"raphael.brand@jbgb.de","roles":["servicemitarbeiter","kunde"]},{"_id":"20000000-0000-0000-0000-000000000005","username":"hjördis.goettsche","password":"$2b$12$jC0vLwqFtvikW9hrKL4RZ.ZMeaW5r/jYrNkm.ub23bMWL/mE2O20O","email":"hjördis.goettsche@jbgb.de","roles":["servicemitarbeiter","kunde"]},{"_id":"20000000-0000-0000-0000-000000000006","username":"karl.kunde","password":"$2b$12$jC0vLwqFtvikW9hrKL4RZ.ZMeaW5r/jYrNkm.ub23bMWL/mE2O20O","email":"karls.kunde@jbgb.de","roles":["kunde"]},{"_id":"20000000-0000-0000-0000-000000000007","username":"nils.nichtkunde","password":"$2b$12$jC0vLwqFtvikW9hrKL4RZ.ZMeaW5r/jYrNkm.ub23bMWL/mE2O20O","email":"nils.nichtkunde@jbgb.de"}] {"timestamp":"2019-10-31T10:21:02.959Z"}
info: DB-Verbindung konnte aufgebaut werden. DB-Name: hska {"timestamp":"2019-10-31T10:21:05.049Z"}
info: 
  _________ _____ ______   
 |_  | ___   __ | ___   
   | | |_/ / |  /| |_/ / 
   | | ___  | __ | ___  
/__/ / |_/ / |_ | |_/ / 
____/____/ ____/____/  

 {"timestamp":"2019-10-31T10:21:05.056Z"}
info: NodeVersion:     v13.0.0-rc.1 {"timestamp":"2019-10-31T10:21:05.069Z"}
info: Betriebssystem:  Windows_NT 10.0.17763 {"timestamp":"2019-10-31T10:21:05.072Z"}
info: Rechnername:     DESKTOP-DTQ3N9A {"timestamp":"2019-10-31T10:21:05.079Z"}
info: https://localhost:8443 ist gestartet: Herunterfahren durch druch Str<C> {"timestamp":"2019-10-31T10:21:05.082Z"}
debug: Logging durch Winston ist konfiguriert: Level Info {"timestamp":"2019-10-31T10:27:54.709Z"}
debug: Upload-Verzeichnis: C:\Users\admin\Documents\SWE\mean-spiele\dist\temp\upload {"timestamp":"2019-10-31T10:27:54.714Z"}
debug: Download-Verzeichnis: C:\Users\admin\Documents\SWE\mean-spiele\dist\temp\download {"timestamp":"2019-10-31T10:27:54.714Z"}
error: [{"keyword":"format","dataPath":"[4].email","schemaPath":"#/items/properties/email/format","params":{"format":"email"},"message":"should match format \"email\"","schema":"email","parentSchema":{"type":"string","format":"email"},"data":"hjördis.goettsche@jbgb.de"}] {"timestamp":"2019-10-31T10:27:56.069Z"}
info: UsersService: Die Benutzerkennungen sind eingelesen: [{"_id":"20000000-0000-0000-0000-000000000001","username":"admin","password":"$2b$12$jC0vLwqFtvikW9hrKL4RZ.ZMeaW5r/jYrNkm.ub23bMWL/mE2O20O","email":"admin@jbgb.de","roles":["admin","mitarbeiter","abteilungsleiter","kunde","servicemitarbeiter"]},{"_id":"20000000-0000-0000-0000-000000000002","username":"eric.jacquome","password":"$2b$12$jC0vLwqFtvikW9hrKL4RZ.ZMeaW5r/jYrNkm.ub23bMWL/mE2O20O","email":"eric.jacquome@jbgb.de","roles":["admin","mitarbeiter","abteilungsleiter","kunde","servicemitarbeiter"]},{"_id":"20000000-0000-0000-0000-000000000003","username":"bene.bender","password":"$2b$12$jC0vLwqFtvikW9hrKL4RZ.ZMeaW5r/jYrNkm.ub23bMWL/mE2O20O","email":"bene.bender@jbgb.de","roles":["mitarbeiter","servicemitarbeiter"]},{"_id":"20000000-0000-0000-0000-000000000004","username":"raphael.brand","password":"$2b$12$jC0vLwqFtvikW9hrKL4RZ.ZMeaW5r/jYrNkm.ub23bMWL/mE2O20O","email":"raphael.brand@jbgb.de","roles":["servicemitarbeiter","kunde"]},{"_id":"20000000-0000-0000-0000-000000000005","username":"hjördis.goettsche","password":"$2b$12$jC0vLwqFtvikW9hrKL4RZ.ZMeaW5r/jYrNkm.ub23bMWL/mE2O20O","email":"hjördis.goettsche@jbgb.de","roles":["servicemitarbeiter","kunde"]},{"_id":"20000000-0000-0000-0000-000000000006","username":"karl.kunde","password":"$2b$12$jC0vLwqFtvikW9hrKL4RZ.ZMeaW5r/jYrNkm.ub23bMWL/mE2O20O","email":"karls.kunde@jbgb.de","roles":["kunde"]},{"_id":"20000000-0000-0000-0000-000000000007","username":"nils.nichtkunde","password":"$2b$12$jC0vLwqFtvikW9hrKL4RZ.ZMeaW5r/jYrNkm.ub23bMWL/mE2O20O","email":"nils.nichtkunde@jbgb.de"}] {"timestamp":"2019-10-31T10:27:56.076Z"}
error: [{"keyword":"format","dataPath":"[4].email","schemaPath":"#/items/properties/email/format","params":{"format":"email"},"message":"should match format \"email\"","schema":"email","parentSchema":{"type":"string","format":"email"},"data":"hjördis.goettsche@jbgb.de"}] {"timestamp":"2019-10-31T10:27:56.118Z"}
info: UsersService: Die Benutzerkennungen sind eingelesen: [{"_id":"20000000-0000-0000-0000-000000000001","username":"admin","password":"$2b$12$jC0vLwqFtvikW9hrKL4RZ.ZMeaW5r/jYrNkm.ub23bMWL/mE2O20O","email":"admin@jbgb.de","roles":["admin","mitarbeiter","abteilungsleiter","kunde","servicemitarbeiter"]},{"_id":"20000000-0000-0000-0000-000000000002","username":"eric.jacquome","password":"$2b$12$jC0vLwqFtvikW9hrKL4RZ.ZMeaW5r/jYrNkm.ub23bMWL/mE2O20O","email":"eric.jacquome@jbgb.de","roles":["admin","mitarbeiter","abteilungsleiter","kunde","servicemitarbeiter"]},{"_id":"20000000-0000-0000-0000-000000000003","username":"bene.bender","password":"$2b$12$jC0vLwqFtvikW9hrKL4RZ.ZMeaW5r/jYrNkm.ub23bMWL/mE2O20O","email":"bene.bender@jbgb.de","roles":["mitarbeiter","servicemitarbeiter"]},{"_id":"20000000-0000-0000-0000-000000000004","username":"raphael.brand","password":"$2b$12$jC0vLwqFtvikW9hrKL4RZ.ZMeaW5r/jYrNkm.ub23bMWL/mE2O20O","email":"raphael.brand@jbgb.de","roles":["servicemitarbeiter","kunde"]},{"_id":"20000000-0000-0000-0000-000000000005","username":"hjördis.goettsche","password":"$2b$12$jC0vLwqFtvikW9hrKL4RZ.ZMeaW5r/jYrNkm.ub23bMWL/mE2O20O","email":"hjördis.goettsche@jbgb.de","roles":["servicemitarbeiter","kunde"]},{"_id":"20000000-0000-0000-0000-000000000006","username":"karl.kunde","password":"$2b$12$jC0vLwqFtvikW9hrKL4RZ.ZMeaW5r/jYrNkm.ub23bMWL/mE2O20O","email":"karls.kunde@jbgb.de","roles":["kunde"]},{"_id":"20000000-0000-0000-0000-000000000007","username":"nils.nichtkunde","password":"$2b$12$jC0vLwqFtvikW9hrKL4RZ.ZMeaW5r/jYrNkm.ub23bMWL/mE2O20O","email":"nils.nichtkunde@jbgb.de"}] {"timestamp":"2019-10-31T10:27:56.125Z"}
info: DB-Verbindung konnte aufgebaut werden. DB-Name: hska {"timestamp":"2019-10-31T10:27:57.712Z"}
info: 
  _________ _____ ______   
 |_  | ___   __ | ___   
   | | |_/ / |  /| |_/ / 
   | | ___  | __ | ___  
/__/ / |_/ / |_ | |_/ / 
____/____/ ____/____/  

 {"timestamp":"2019-10-31T10:27:57.719Z"}
info: NodeVersion:     v13.0.0-rc.1 {"timestamp":"2019-10-31T10:27:57.734Z"}
info: Betriebssystem:  Windows_NT 10.0.17763 {"timestamp":"2019-10-31T10:27:57.736Z"}
info: Rechnername:     DESKTOP-DTQ3N9A {"timestamp":"2019-10-31T10:27:57.742Z"}
info: https://localhost:8443 ist gestartet: Herunterfahren durch druch Str<C> {"timestamp":"2019-10-31T10:27:57.745Z"}
info: Server wird heruntergefahren... {"timestamp":"2019-10-31T10:28:12.023Z"}
debug: Logging durch Winston ist konfiguriert: Level Info {"timestamp":"2019-10-31T10:28:25.094Z"}
debug: Upload-Verzeichnis: C:\Users\admin\Documents\SWE\mean-spiele\dist\temp\upload {"timestamp":"2019-10-31T10:28:25.105Z"}
debug: Download-Verzeichnis: C:\Users\admin\Documents\SWE\mean-spiele\dist\temp\download {"timestamp":"2019-10-31T10:28:25.105Z"}
error: [{"keyword":"format","dataPath":"[4].email","schemaPath":"#/items/properties/email/format","params":{"format":"email"},"message":"should match format \"email\"","schema":"email","parentSchema":{"type":"string","format":"email"},"data":"hjördis.goettsche@jbgb.de"}] {"timestamp":"2019-10-31T10:28:25.891Z"}
info: UsersService: Die Benutzerkennungen sind eingelesen: [{"_id":"20000000-0000-0000-0000-000000000001","username":"admin","password":"$2b$12$jC0vLwqFtvikW9hrKL4RZ.ZMeaW5r/jYrNkm.ub23bMWL/mE2O20O","email":"admin@jbgb.de","roles":["admin","mitarbeiter","abteilungsleiter","kunde","servicemitarbeiter"]},{"_id":"20000000-0000-0000-0000-000000000002","username":"eric.jacquome","password":"$2b$12$jC0vLwqFtvikW9hrKL4RZ.ZMeaW5r/jYrNkm.ub23bMWL/mE2O20O","email":"eric.jacquome@jbgb.de","roles":["admin","mitarbeiter","abteilungsleiter","kunde","servicemitarbeiter"]},{"_id":"20000000-0000-0000-0000-000000000003","username":"bene.bender","password":"$2b$12$jC0vLwqFtvikW9hrKL4RZ.ZMeaW5r/jYrNkm.ub23bMWL/mE2O20O","email":"bene.bender@jbgb.de","roles":["mitarbeiter","servicemitarbeiter"]},{"_id":"20000000-0000-0000-0000-000000000004","username":"raphael.brand","password":"$2b$12$jC0vLwqFtvikW9hrKL4RZ.ZMeaW5r/jYrNkm.ub23bMWL/mE2O20O","email":"raphael.brand@jbgb.de","roles":["servicemitarbeiter","kunde"]},{"_id":"20000000-0000-0000-0000-000000000005","username":"hjördis.goettsche","password":"$2b$12$jC0vLwqFtvikW9hrKL4RZ.ZMeaW5r/jYrNkm.ub23bMWL/mE2O20O","email":"hjördis.goettsche@jbgb.de","roles":["servicemitarbeiter","kunde"]},{"_id":"20000000-0000-0000-0000-000000000006","username":"karl.kunde","password":"$2b$12$jC0vLwqFtvikW9hrKL4RZ.ZMeaW5r/jYrNkm.ub23bMWL/mE2O20O","email":"karls.kunde@jbgb.de","roles":["kunde"]},{"_id":"20000000-0000-0000-0000-000000000007","username":"nils.nichtkunde","password":"$2b$12$jC0vLwqFtvikW9hrKL4RZ.ZMeaW5r/jYrNkm.ub23bMWL/mE2O20O","email":"nils.nichtkunde@jbgb.de"}] {"timestamp":"2019-10-31T10:28:25.897Z"}
error: [{"keyword":"format","dataPath":"[4].email","schemaPath":"#/items/properties/email/format","params":{"format":"email"},"message":"should match format \"email\"","schema":"email","parentSchema":{"type":"string","format":"email"},"data":"hjördis.goettsche@jbgb.de"}] {"timestamp":"2019-10-31T10:28:25.933Z"}
info: UsersService: Die Benutzerkennungen sind eingelesen: [{"_id":"20000000-0000-0000-0000-000000000001","username":"admin","password":"$2b$12$jC0vLwqFtvikW9hrKL4RZ.ZMeaW5r/jYrNkm.ub23bMWL/mE2O20O","email":"admin@jbgb.de","roles":["admin","mitarbeiter","abteilungsleiter","kunde","servicemitarbeiter"]},{"_id":"20000000-0000-0000-0000-000000000002","username":"eric.jacquome","password":"$2b$12$jC0vLwqFtvikW9hrKL4RZ.ZMeaW5r/jYrNkm.ub23bMWL/mE2O20O","email":"eric.jacquome@jbgb.de","roles":["admin","mitarbeiter","abteilungsleiter","kunde","servicemitarbeiter"]},{"_id":"20000000-0000-0000-0000-000000000003","username":"bene.bender","password":"$2b$12$jC0vLwqFtvikW9hrKL4RZ.ZMeaW5r/jYrNkm.ub23bMWL/mE2O20O","email":"bene.bender@jbgb.de","roles":["mitarbeiter","servicemitarbeiter"]},{"_id":"20000000-0000-0000-0000-000000000004","username":"raphael.brand","password":"$2b$12$jC0vLwqFtvikW9hrKL4RZ.ZMeaW5r/jYrNkm.ub23bMWL/mE2O20O","email":"raphael.brand@jbgb.de","roles":["servicemitarbeiter","kunde"]},{"_id":"20000000-0000-0000-0000-000000000005","username":"hjördis.goettsche","password":"$2b$12$jC0vLwqFtvikW9hrKL4RZ.ZMeaW5r/jYrNkm.ub23bMWL/mE2O20O","email":"hjördis.goettsche@jbgb.de","roles":["servicemitarbeiter","kunde"]},{"_id":"20000000-0000-0000-0000-000000000006","username":"karl.kunde","password":"$2b$12$jC0vLwqFtvikW9hrKL4RZ.ZMeaW5r/jYrNkm.ub23bMWL/mE2O20O","email":"karls.kunde@jbgb.de","roles":["kunde"]},{"_id":"20000000-0000-0000-0000-000000000007","username":"nils.nichtkunde","password":"$2b$12$jC0vLwqFtvikW9hrKL4RZ.ZMeaW5r/jYrNkm.ub23bMWL/mE2O20O","email":"nils.nichtkunde@jbgb.de"}] {"timestamp":"2019-10-31T10:28:25.938Z"}
info: DB-Verbindung konnte aufgebaut werden. DB-Name: hska {"timestamp":"2019-10-31T10:28:27.360Z"}
info: 
  _________ _____ ______   
 |_  | ___   __ | ___   
   | | |_/ / |  /| |_/ / 
   | | ___  | __ | ___  
/__/ / |_/ / |_ | |_/ / 
____/____/ ____/____/  

 {"timestamp":"2019-10-31T10:28:27.366Z"}
info: NodeVersion:     v13.0.0-rc.1 {"timestamp":"2019-10-31T10:28:27.379Z"}
info: Betriebssystem:  Windows_NT 10.0.17763 {"timestamp":"2019-10-31T10:28:27.382Z"}
info: Rechnername:     DESKTOP-DTQ3N9A {"timestamp":"2019-10-31T10:28:27.389Z"}
info: https://localhost:8443 ist gestartet: Herunterfahren durch druch Str<C> {"timestamp":"2019-10-31T10:28:27.392Z"}
